<?xml version="1.0" encoding="UTF-8"?>
<!-- Generated by org.testng.reporters.JUnitReportReporter -->
<testsuite hostname="IBM-262BC54" failures="0" tests="2" name="SuiteExample.DemoOne" time="0.000" errors="0" timestamp="2024-12-02T10:21:05 IST" skipped="0">
  <testcase classname="SuiteExample.DemoOne" name="secondTestCase" time="0.000"/>
  <testcase classname="SuiteExample.DemoOne" name="firstTestCase" time="0.000"/>
</testsuite> <!-- SuiteExample.DemoOne -->
