<?xml version="1.0" encoding="UTF-8"?>
<!-- Generated by org.testng.reporters.JUnitReportReporter -->
<testsuite hostname="IBM-262BC54" failures="0" tests="2" name="Testactivity7" time="14.818" errors="0" timestamp="2024-12-02T10:21:05 IST" skipped="0">
  <testcase classname="Testactivity7" name="loginTest" time="5.954"/>
  <testcase classname="Testactivity7" name="loginTest" time="8.864"/>
</testsuite> <!-- Testactivity7 -->
