<?xml version="1.0" encoding="UTF-8"?>
<!-- Generated by org.testng.reporters.JUnitReportReporter -->
<testsuite hostname="IBM-262BC54" failures="0" tests="3" name="Testactivity9" time="0.448" errors="0" timestamp="2024-12-02T12:22:46 IST" skipped="0">
  <testcase classname="Testactivity9" name="promptAlertTestCase" time="0.137">
    <system-out>
      <![CDATA[This is a JavaScript Prompt!]]>
    </system-out>
  </testcase> <!-- promptAlertTestCase -->
  <testcase classname="Testactivity9" name="confirmAlertTestCase" time="0.193">
    <system-out>
      <![CDATA[This is a JavaScript Confirmation!]]>
    </system-out>
  </testcase> <!-- confirmAlertTestCase -->
  <testcase classname="Testactivity9" name="simpleAlertTestCase" time="0.118">
    <system-out>
      <![CDATA[This is a JavaScript Alert!]]>
    </system-out>
  </testcase> <!-- simpleAlertTestCase -->
  <system-out>
    <![CDATA[This is a JavaScript Confirmation!
This is a JavaScript Prompt!
This is a JavaScript Alert!]]>
  </system-out>
</testsuite> <!-- Testactivity9 -->
