<?xml version="1.0" encoding="UTF-8"?>
<!-- Generated by org.testng.reporters.JUnitReportReporter -->
<testsuite hostname="IBM-262BC54" failures="0" tests="5" name="Testactivity5" time="0.138" errors="0" timestamp="2024-12-02T10:21:05 IST" skipped="0">
  <testcase classname="Testactivity5" name="HeaderTest2" time="0.024"/>
  <testcase classname="Testactivity5" name="ButtonTest2" time="0.022"/>
  <testcase classname="Testactivity5" name="pageTitleTest" time="0.022"/>
  <testcase classname="Testactivity5" name="ButtonTest1" time="0.042"/>
  <testcase classname="Testactivity5" name="HeaderTest1" time="0.028"/>
</testsuite> <!-- Testactivity5 -->
