<?xml version="1.0" encoding="UTF-8"?>
<!-- Generated by org.testng.reporters.JUnitReportReporter -->
<testsuite hostname="IBM-262BC54" failures="0" tests="1" name="Testactivity6$LoginFormTest" time="0.448" errors="0" timestamp="2024-12-02T10:21:05 IST" skipped="0">
  <testcase classname="Testactivity6$LoginFormTest" name="loginTest" time="0.448"/>
</testsuite> <!-- Testactivity6$LoginFormTest -->
