<?xml version="1.0" encoding="UTF-8"?>
<!-- Generated by org.testng.reporters.JUnitReportReporter -->
<testsuite hostname="IBM-262BC54" failures="0" tests="1" name="Testactivity3" time="0.470" errors="0" timestamp="2024-12-02T10:21:05 IST" skipped="0">
  <testcase classname="Testactivity3" name="loginTest" time="0.470"/>
</testsuite> <!-- Testactivity3 -->
